<?xml version="1.0" encoding="utf-8"?>
<TestResult>
  <TestBuild2>failed</TestBuild2>
  <TestBuild2_2>pass</TestBuild2_2>
  <TestBuild2_3>failed</TestBuild2_3>
  <TestBuild2_5>pass</TestBuild2_5>
</TestResult>